Start testing: Jun 28 09:53 CEST
----------------------------------------------------------
1/1 Testing: AssertHelloTest.True
1/1 Test: AssertHelloTest.True
Command: "/home/ameindre/code/P2P/build/test/tests" "--gtest_filter=AssertHelloTest.True" "--gtest_also_run_disabled_tests"
Directory: /home/ameindre/code/P2P/build/test
"AssertHelloTest.True" start time: Jun 28 09:53 CEST
Output:
----------------------------------------------------------
Note: Google Test filter = AssertHelloTest.True
[==========] Running 1 test from 1 test suite.
[----------] Global test environment set-up.
[----------] 1 test from AssertHelloTest
[ RUN      ] AssertHelloTest.True
/home/ameindre/code/P2P/test/tests.cpp:7: Failure
Expected equality of these values:
  "Hello World"
  hello->printHello()
    Which is: "Hello World !"
[  FAILED  ] AssertHelloTest.True (0 ms)
[----------] 1 test from AssertHelloTest (0 ms total)

[----------] Global test environment tear-down
[==========] 1 test from 1 test suite ran. (0 ms total)
[  PASSED  ] 0 tests.
[  FAILED  ] 1 test, listed below:
[  FAILED  ] AssertHelloTest.True

 1 FAILED TEST
<end of output>
Test time =   0.00 sec
----------------------------------------------------------
Test Failed.
"AssertHelloTest.True" end time: Jun 28 09:53 CEST
"AssertHelloTest.True" time elapsed: 00:00:00
----------------------------------------------------------

End testing: Jun 28 09:53 CEST
